#
# There is insufficient memory for the Java Runtime Environment to continue.
# Native memory allocation (malloc) failed to allocate 65552 bytes for Chunk::new
# Possible reasons:
#   The system is out of physical RAM or swap space
#   In 32 bit mode, the process size limit was hit
# Possible solutions:
#   Reduce memory load on the system
#   Increase physical memory or swap space
#   Check if swap backing store is full
#   Use 64 bit Java on a 64 bit OS
#   Decrease Java heap size (-Xmx/-Xms)
#   Decrease number of Java threads
#   Decrease Java thread stack sizes (-Xss)
#   Set larger code cache with -XX:ReservedCodeCacheSize=
# This output file may be truncated or incomplete.
#
#  Out of Memory Error (allocation.cpp:390), pid=91592, tid=0x0000000000016df4
#
# JRE version: Java(TM) SE Runtime Environment (8.0_191-b12) (build 1.8.0_191-b12)
# Java VM: Java HotSpot(TM) 64-Bit Server VM (25.191-b12 mixed mode windows-amd64 compressed oops)
# Failed to write core dump. Minidumps are not enabled by default on client versions of Windows
#

---------------  T H R E A D  ---------------

Current thread (0x000000001cc95000):  JavaThread "C2 CompilerThread0" daemon [_thread_in_native, id=93684, stack(0x000000001e710000,0x000000001e810000)]

Stack: [0x000000001e710000,0x000000001e810000]
[error occurred during error reporting (printing stack bounds), id 0xc0000005]

Native frames: (J=compiled Java code, j=interpreted, Vv=VM code, C=native code)


Current CompileTask:
C2:   2531 1309       4       java.io.WinNTFileSystem::normalize (143 bytes)


---------------  P R O C E S S  ---------------

Java Threads: ( => current thread )
  0x000000001fbd8800 JavaThread "AsyncAppender-AsyncAppender" daemon [_thread_blocked, id=88808, stack(0x0000000020790000,0x0000000020890000)]
  0x000000001f9b8000 JavaThread "Log4j2-TF-4-Scheduled-1" daemon [_thread_blocked, id=53968, stack(0x0000000020690000,0x0000000020790000)]
  0x000000001e0a3000 JavaThread "Service Thread" daemon [_thread_blocked, id=93320, stack(0x000000001ea10000,0x000000001eb10000)]
  0x000000001e09e800 JavaThread "C1 CompilerThread2" daemon [_thread_blocked, id=3000, stack(0x000000001e910000,0x000000001ea10000)]
  0x000000001cc97800 JavaThread "C2 CompilerThread1" daemon [_thread_in_native, id=86648, stack(0x000000001e810000,0x000000001e910000)]
=>0x000000001cc95000 JavaThread "C2 CompilerThread0" daemon [_thread_in_native, id=93684, stack(0x000000001e710000,0x000000001e810000)]
  0x000000001cc89000 JavaThread "Monitor Ctrl-Break" daemon [_thread_in_native, id=73244, stack(0x000000001e610000,0x000000001e710000)]
  0x000000001e053800 JavaThread "Attach Listener" daemon [_thread_blocked, id=31576, stack(0x000000001e510000,0x000000001e610000)]
  0x000000001cc69000 JavaThread "Signal Dispatcher" daemon [_thread_blocked, id=64744, stack(0x000000001e410000,0x000000001e510000)]
  0x000000001cc41000 JavaThread "Finalizer" daemon [_thread_blocked, id=47380, stack(0x000000001deb0000,0x000000001dfb0000)]
  0x000000000353c000 JavaThread "Reference Handler" daemon [_thread_blocked, id=91144, stack(0x000000001ddb0000,0x000000001deb0000)]
  0x000000000344b800 JavaThread "main" [_thread_in_vm, id=51012, stack(0x0000000003340000,0x0000000003440000)]

Other Threads:
  0x000000001cc17800 VMThread [stack: 0x000000001dcb0000,0x000000001ddb0000] [id=20972]
  0x000000001e10f000 WatcherThread [stack: 0x000000001eb10000,0x000000001ec10000] [id=22660]

VM state:not at safepoint (normal execution)

VM Mutex/Monitor currently owned by a thread: None

Heap:
 PSYoungGen      total 76288K, used 34957K [0x000000076b500000, 0x0000000770a00000, 0x00000007c0000000)
  eden space 65536K, 43% used [0x000000076b500000,0x000000076d11fce0,0x000000076f500000)
  from space 10752K, 57% used [0x000000076ff80000,0x00000007705838a8,0x0000000770a00000)
  to   space 10752K, 0% used [0x000000076f500000,0x000000076f500000,0x000000076ff80000)
 ParOldGen       total 175104K, used 80K [0x00000006c1e00000, 0x00000006cc900000, 0x000000076b500000)
  object space 175104K, 0% used [0x00000006c1e00000,0x00000006c1e14010,0x00000006cc900000)
 Metaspace       used 16255K, capacity 16554K, committed 16768K, reserved 1064960K
  class space    used 2002K, capacity 2069K, committed 2176K, reserved 1048576K

Card table byte_map: [0x0000000012a00000,0x0000000013200000] byte_map_base: 0x000000000f3f1000

Marking Bits: (ParMarkBitMap*) 0x00000000580c3e30
 Begin Bits: [0x0000000013b50000, 0x0000000017ad8000)
 End Bits:   [0x0000000017ad8000, 0x000000001ba60000)

Polling page: 0x0000000001550000

CodeCache: size=245760Kb used=4646Kb max_used=4679Kb free=241113Kb
 bounds [0x0000000003640000, 0x0000000003ae0000, 0x0000000012640000]
 total_blobs=1726 nmethods=1309 adapters=329
 compilation: enabled

Compilation events (10 events):
Event: 2.327 Thread 0x000000001e09e800 nmethod 1305 0x0000000003abad50 code [0x0000000003abb020, 0x0000000003abc888]
Event: 2.329 Thread 0x000000001e09e800 1306       1       org.springframework.core.ResolvableType$DefaultVariableResolver::getSource (5 bytes)
Event: 2.329 Thread 0x000000001e09e800 nmethod 1306 0x0000000003abcb50 code [0x0000000003abcca0, 0x0000000003abcdb0]
Event: 2.481 Thread 0x000000001cc95000 nmethod 1276% 0x0000000003ac7150 code [0x0000000003ac7540, 0x0000000003aceb80]
Event: 2.504 Thread 0x000000001e09e800 1307       3       java.util.concurrent.locks.AbstractQueuedSynchronizer::setState (6 bytes)
Event: 2.504 Thread 0x000000001e09e800 nmethod 1307 0x0000000003ac6e50 code [0x0000000003ac6fa0, 0x0000000003ac70f0]
Event: 2.513 Thread 0x000000001cc97800 1308       4       java.util.concurrent.ConcurrentHashMap$Node::<init> (26 bytes)
Event: 2.513 Thread 0x000000001cc97800 nmethod 1308 0x0000000003ac3f50 code [0x0000000003ac4080, 0x0000000003ac4138]
Event: 2.515 Thread 0x000000001cc95000 1309       4       java.io.WinNTFileSystem::normalize (143 bytes)
Event: 2.520 Thread 0x000000001cc97800 1310 % !   4       java.util.concurrent.ConcurrentHashMap::transfer @ 99 (832 bytes)

GC Heap History (4 events):
Event: 1.036 GC heap before
{Heap before GC invocations=1 (full 0):
 PSYoungGen      total 76288K, used 65536K [0x000000076b500000, 0x0000000770a00000, 0x00000007c0000000)
  eden space 65536K, 100% used [0x000000076b500000,0x000000076f500000,0x000000076f500000)
  from space 10752K, 0% used [0x000000076ff80000,0x000000076ff80000,0x0000000770a00000)
  to   space 10752K, 0% used [0x000000076f500000,0x000000076f500000,0x000000076ff80000)
 ParOldGen       total 175104K, used 0K [0x00000006c1e00000, 0x00000006cc900000, 0x000000076b500000)
  object space 175104K, 0% used [0x00000006c1e00000,0x00000006c1e00000,0x00000006cc900000)
 Metaspace       used 7703K, capacity 7816K, committed 7936K, reserved 1056768K
  class space    used 940K, capacity 982K, committed 1024K, reserved 1048576K
Event: 1.045 GC heap after
Heap after GC invocations=1 (full 0):
 PSYoungGen      total 76288K, used 5208K [0x000000076b500000, 0x0000000770a00000, 0x00000007c0000000)
  eden space 65536K, 0% used [0x000000076b500000,0x000000076b500000,0x000000076f500000)
  from space 10752K, 48% used [0x000000076f500000,0x000000076fa16230,0x000000076ff80000)
  to   space 10752K, 0% used [0x000000076ff80000,0x000000076ff80000,0x0000000770a00000)
 ParOldGen       total 175104K, used 8K [0x00000006c1e00000, 0x00000006cc900000, 0x000000076b500000)
  object space 175104K, 0% used [0x00000006c1e00000,0x00000006c1e02000,0x00000006cc900000)
 Metaspace       used 7703K, capacity 7816K, committed 7936K, reserved 1056768K
  class space    used 940K, capacity 982K, committed 1024K, reserved 1048576K
}
Event: 2.043 GC heap before
{Heap before GC invocations=2 (full 0):
 PSYoungGen      total 76288K, used 70744K [0x000000076b500000, 0x0000000770a00000, 0x00000007c0000000)
  eden space 65536K, 100% used [0x000000076b500000,0x000000076f500000,0x000000076f500000)
  from space 10752K, 48% used [0x000000076f500000,0x000000076fa16230,0x000000076ff80000)
  to   space 10752K, 0% used [0x000000076ff80000,0x000000076ff80000,0x0000000770a00000)
 ParOldGen       total 175104K, used 8K [0x00000006c1e00000, 0x00000006cc900000, 0x000000076b500000)
  object space 175104K, 0% used [0x00000006c1e00000,0x00000006c1e02000,0x00000006cc900000)
 Metaspace       used 14430K, capacity 14730K, committed 14976K, reserved 1062912K
  class space    used 1770K, capacity 1851K, committed 1920K, reserved 1048576K
Event: 2.048 GC heap after
Heap after GC invocations=2 (full 0):
 PSYoungGen      total 76288K, used 6158K [0x000000076b500000, 0x0000000770a00000, 0x00000007c0000000)
  eden space 65536K, 0% used [0x000000076b500000,0x000000076b500000,0x000000076f500000)
  from space 10752K, 57% used [0x000000076ff80000,0x00000007705838a8,0x0000000770a00000)
  to   space 10752K, 0% used [0x000000076f500000,0x000000076f500000,0x000000076ff80000)
 ParOldGen       total 175104K, used 80K [0x00000006c1e00000, 0x00000006cc900000, 0x000000076b500000)
  object space 175104K, 0% used [0x00000006c1e00000,0x00000006c1e14010,0x00000006cc900000)
 Metaspace       used 14430K, capacity 14730K, committed 14976K, reserved 1062912K
  class space    used 1770K, capacity 1851K, committed 1920K, reserved 1048576K
}

Deoptimization events (10 events):
Event: 1.299 Thread 0x000000000344b800 Uncommon trap: reason=class_check action=maybe_recompile pc=0x000000000394c9a0 method=java.util.HashMap.putVal(ILjava/lang/Object;Ljava/lang/Object;ZZ)Ljava/lang/Object; @ 203
Event: 1.299 Thread 0x000000000344b800 Uncommon trap: reason=class_check action=maybe_recompile pc=0x000000000394c9a0 method=java.util.HashMap.putVal(ILjava/lang/Object;Ljava/lang/Object;ZZ)Ljava/lang/Object; @ 203
Event: 1.299 Thread 0x000000000344b800 Uncommon trap: reason=class_check action=maybe_recompile pc=0x0000000003944d54 method=java.util.HashMap.putVal(ILjava/lang/Object;Ljava/lang/Object;ZZ)Ljava/lang/Object; @ 203
Event: 1.316 Thread 0x000000000344b800 Uncommon trap: reason=range_check action=make_not_entrant pc=0x00000000038fd468 method=sun.reflect.generics.parser.SignatureParser.current()C @ 34
Event: 1.456 Thread 0x000000000344b800 Uncommon trap: reason=unstable_if action=reinterpret pc=0x000000000385cbb4 method=java.io.WinNTFileSystem.normalize(Ljava/lang/String;II)Ljava/lang/String; @ 8
Event: 1.534 Thread 0x000000000344b800 Uncommon trap: reason=unstable_if action=reinterpret pc=0x000000000382fc30 method=java.lang.String.indexOf([CII[CIII)I @ 3
Event: 2.051 Thread 0x000000000344b800 Uncommon trap: reason=unstable_if action=reinterpret pc=0x0000000003a67018 method=java.io.WinNTFileSystem.normalize(Ljava/lang/String;)Ljava/lang/String; @ 128
Event: 2.098 Thread 0x000000000344b800 Uncommon trap: reason=bimorphic action=maybe_recompile pc=0x000000000394fc4c method=java.util.HashMap.putVal(ILjava/lang/Object;Ljava/lang/Object;ZZ)Ljava/lang/Object; @ 203
Event: 2.111 Thread 0x000000000344b800 Uncommon trap: reason=unstable_if action=reinterpret pc=0x00000000038ee91c method=sun.misc.URLClassPath$FileLoader.getResource(Ljava/lang/String;Z)Lsun/misc/Resource; @ 139
Event: 2.279 Thread 0x000000000344b800 Uncommon trap: reason=unstable_if action=reinterpret pc=0x000000000394fc68 method=java.util.HashMap.hash(Ljava/lang/Object;)I @ 1

Classes redefined (0 events):
No events

Internal exceptions (10 events):
Event: 0.390 Thread 0x000000000344b800 Exception <a 'java/security/PrivilegedActionException'> (0x000000076bd5f090) thrown at [C:\re\workspace\8-2-build-windows-amd64-cygwin\jdk8u191\11896\hotspot\src\share\vm\prims\jvm.cpp, line 1435]
Event: 0.390 Thread 0x000000000344b800 Exception <a 'java/security/PrivilegedActionException'> (0x000000076bd61708) thrown at [C:\re\workspace\8-2-build-windows-amd64-cygwin\jdk8u191\11896\hotspot\src\share\vm\prims\jvm.cpp, line 1435]
Event: 0.390 Thread 0x000000000344b800 Exception <a 'java/security/PrivilegedActionException'> (0x000000076bd61918) thrown at [C:\re\workspace\8-2-build-windows-amd64-cygwin\jdk8u191\11896\hotspot\src\share\vm\prims\jvm.cpp, line 1435]
Event: 1.316 Thread 0x000000000344b800 Exception <a 'java/lang/ArrayIndexOutOfBoundsException': 18> (0x000000076c511a90) thrown at [C:\re\workspace\8-2-build-windows-amd64-cygwin\jdk8u191\11896\hotspot\src\share\vm\interpreter\interpreterRuntime.cpp, line 366]
Event: 1.316 Thread 0x000000000344b800 Exception <a 'java/lang/ArrayIndexOutOfBoundsException': 110> (0x000000076c513830) thrown at [C:\re\workspace\8-2-build-windows-amd64-cygwin\jdk8u191\11896\hotspot\src\share\vm\interpreter\interpreterRuntime.cpp, line 366]
Event: 1.713 Thread 0x000000000344b800 Exception <a 'java/lang/NoSuchFieldError': method resolution failed> (0x000000076d852ce0) thrown at [C:\re\workspace\8-2-build-windows-amd64-cygwin\jdk8u191\11896\hotspot\src\share\vm\prims\methodHandles.cpp, line 1167]
Event: 1.714 Thread 0x000000000344b800 Exception <a 'java/lang/NoSuchFieldError': method resolution failed> (0x000000076d860c40) thrown at [C:\re\workspace\8-2-build-windows-amd64-cygwin\jdk8u191\11896\hotspot\src\share\vm\prims\methodHandles.cpp, line 1167]
Event: 2.053 Thread 0x000000000344b800 Exception <a 'java/lang/NoSuchMethodError': java.lang.Object.lambda$comparing$77a9974f$1(Ljava/util/function/Function;Ljava/lang/Object;Ljava/lang/Object;)I> (0x000000076b55d740) thrown at [C:\re\workspace\8-2-build-windows-amd64-cygwin\jdk8u191\11896\hot
Event: 2.133 Thread 0x000000000344b800 Exception <a 'java/lang/NoSuchMethodError': java.lang.Object.lambda$static$0(Ljava/lang/Object;)Ljava/lang/Object;> (0x000000076c058098) thrown at [C:\re\workspace\8-2-build-windows-amd64-cygwin\jdk8u191\11896\hotspot\src\share\vm\interpreter\linkResolver
Event: 2.279 Thread 0x000000000344b800 Implicit null exception at 0x000000000394f5fb to 0x000000000394fc4d

Events (10 events):
Event: 2.527 loading class org/springframework/beans/PropertyEditorRegistrySupport
Event: 2.527 loading class org/springframework/beans/PropertyEditorRegistrySupport done
Event: 2.528 loading class org/springframework/beans/PropertyEditorRegistry
Event: 2.528 loading class org/springframework/beans/PropertyEditorRegistry done
Event: 2.529 loading class org/springframework/beans/ConversionNotSupportedException
Event: 2.529 loading class org/springframework/beans/ConversionNotSupportedException done
Event: 2.529 Thread 0x000000000344b800 DEOPT PACKING pc=0x0000000003a9c05b sp=0x000000000343b080
Event: 2.529 Thread 0x000000000344b800 DEOPT UNPACKING pc=0x0000000003687890 sp=0x000000000343ad98 mode 0
Event: 2.529 loading class org/springframework/beans/TypeMismatchException
Event: 2.529 loading class org/springframework/beans/TypeMismatchException done


Dynamic libraries:
0x00007ff6fc820000 - 0x00007ff6fc857000 	D:\dev\soft\jdk1.8\bin\java.exe
0x00007ffa1eaa0000 - 0x00007ffa1ec90000 	C:\WINDOWS\SYSTEM32\ntdll.dll
0x00007ffa1d9a0000 - 0x00007ffa1da52000 	C:\WINDOWS\System32\KERNEL32.DLL
0x00007ffa1be00000 - 0x00007ffa1c0a5000 	C:\WINDOWS\System32\KERNELBASE.dll
0x00007ffa1d060000 - 0x00007ffa1d103000 	C:\WINDOWS\System32\ADVAPI32.dll
0x00007ffa1cb60000 - 0x00007ffa1cbfe000 	C:\WINDOWS\System32\msvcrt.dll
0x00007ffa1e9c0000 - 0x00007ffa1ea57000 	C:\WINDOWS\System32\sechost.dll
0x00007ffa1cf40000 - 0x00007ffa1d060000 	C:\WINDOWS\System32\RPCRT4.dll
0x00007ffa1dd10000 - 0x00007ffa1dea4000 	C:\WINDOWS\System32\USER32.dll
0x00007ffa1bbe0000 - 0x00007ffa1bc01000 	C:\WINDOWS\System32\win32u.dll
0x00007ffa1dac0000 - 0x00007ffa1dae6000 	C:\WINDOWS\System32\GDI32.dll
0x00007ffa1bc10000 - 0x00007ffa1bda6000 	C:\WINDOWS\System32\gdi32full.dll
0x00007ffa1c980000 - 0x00007ffa1ca1e000 	C:\WINDOWS\System32\msvcp_win.dll
0x00007ffa1ba30000 - 0x00007ffa1bb2a000 	C:\WINDOWS\System32\ucrtbase.dll
0x00007ffa043e0000 - 0x00007ffa04664000 	C:\WINDOWS\WinSxS\amd64_microsoft.windows.common-controls_6595b64144ccf1df_6.0.18362.1139_none_9e7bf2d3e4605ac6\COMCTL32.dll
0x00007ffa1cc00000 - 0x00007ffa1cf35000 	C:\WINDOWS\System32\combase.dll
0x00007ffa1bb60000 - 0x00007ffa1bbe0000 	C:\WINDOWS\System32\bcryptPrimitives.dll
0x00007ffa1e850000 - 0x00007ffa1e87e000 	C:\WINDOWS\System32\IMM32.DLL
0x0000000058150000 - 0x0000000058222000 	D:\dev\soft\jdk1.8\jre\bin\msvcr100.dll
0x00000000578a0000 - 0x0000000058144000 	D:\dev\soft\jdk1.8\jre\bin\server\jvm.dll
0x00007ffa1cb50000 - 0x00007ffa1cb58000 	C:\WINDOWS\System32\PSAPI.DLL
0x00007ff9fd660000 - 0x00007ff9fd669000 	C:\WINDOWS\SYSTEM32\WSOCK32.dll
0x00007ffa1e880000 - 0x00007ffa1e8ef000 	C:\WINDOWS\System32\WS2_32.dll
0x00007ffa13af0000 - 0x00007ffa13b14000 	C:\WINDOWS\SYSTEM32\WINMM.dll
0x00007ffa0ffa0000 - 0x00007ffa0ffaa000 	C:\WINDOWS\SYSTEM32\VERSION.dll
0x00007ffa13ac0000 - 0x00007ffa13aed000 	C:\WINDOWS\SYSTEM32\WINMMBASE.dll
0x00007ffa1bdb0000 - 0x00007ffa1bdfa000 	C:\WINDOWS\System32\cfgmgr32.dll
0x0000000057890000 - 0x000000005789f000 	D:\dev\soft\jdk1.8\jre\bin\verify.dll
0x0000000057860000 - 0x0000000057889000 	D:\dev\soft\jdk1.8\jre\bin\java.dll
0x0000000056e60000 - 0x0000000056e83000 	D:\dev\soft\jdk1.8\jre\bin\instrument.dll
0x0000000057840000 - 0x0000000057856000 	D:\dev\soft\jdk1.8\jre\bin\zip.dll
0x00007ffa1d1e0000 - 0x00007ffa1d8c7000 	C:\WINDOWS\System32\SHELL32.dll
0x00007ffa1e0e0000 - 0x00007ffa1e189000 	C:\WINDOWS\System32\shcore.dll
0x00007ffa1c0b0000 - 0x00007ffa1c830000 	C:\WINDOWS\System32\windows.storage.dll
0x00007ffa1b970000 - 0x00007ffa1b993000 	C:\WINDOWS\System32\profapi.dll
0x00007ffa1b9a0000 - 0x00007ffa1b9ea000 	C:\WINDOWS\System32\powrprof.dll
0x00007ffa1b960000 - 0x00007ffa1b970000 	C:\WINDOWS\System32\UMPDC.dll
0x00007ffa1e220000 - 0x00007ffa1e272000 	C:\WINDOWS\System32\shlwapi.dll
0x00007ffa1b9f0000 - 0x00007ffa1ba01000 	C:\WINDOWS\System32\kernel.appcore.dll
0x00007ffa1ca80000 - 0x00007ffa1ca97000 	C:\WINDOWS\System32\cryptsp.dll
0x00007ffa0baa0000 - 0x00007ffa0baba000 	D:\dev\soft\idea2018.3\IntelliJ IDEA 2018.3.5\bin\breakgen64.dll
0x0000000057810000 - 0x000000005782a000 	D:\dev\soft\jdk1.8\jre\bin\net.dll
0x00007ffa1b1b0000 - 0x00007ffa1b217000 	C:\WINDOWS\system32\mswsock.dll
0x0000000057830000 - 0x000000005783d000 	D:\dev\soft\jdk1.8\jre\bin\management.dll
0x00007ffa18330000 - 0x00007ffa18346000 	C:\WINDOWS\system32\napinsp.dll
0x00007ffa17410000 - 0x00007ffa1742a000 	C:\WINDOWS\system32\pnrpnsp.dll
0x00007ffa16a10000 - 0x00007ffa16a2c000 	C:\WINDOWS\system32\NLAapi.dll
0x00007ffa1aec0000 - 0x00007ffa1aefa000 	C:\WINDOWS\SYSTEM32\IPHLPAPI.DLL
0x00007ffa16b80000 - 0x00007ffa16b95000 	C:\WINDOWS\system32\wshbth.dll
0x00007ffa1af00000 - 0x00007ffa1afcb000 	C:\WINDOWS\SYSTEM32\DNSAPI.dll
0x00007ffa1e210000 - 0x00007ffa1e218000 	C:\WINDOWS\System32\NSI.dll
0x00007ffa17400000 - 0x00007ffa1740e000 	C:\WINDOWS\System32\winrnr.dll
0x00007ffa11fa0000 - 0x00007ffa11faa000 	C:\Windows\System32\rasadhlp.dll
0x00007ffa14600000 - 0x00007ffa14677000 	C:\WINDOWS\System32\fwpuclnt.dll
0x00007ffa1bb30000 - 0x00007ffa1bb56000 	C:\WINDOWS\System32\bcrypt.dll
0x00000000577f0000 - 0x0000000057801000 	D:\dev\soft\jdk1.8\jre\bin\nio.dll

VM Arguments:
jvm_args: -ea -Didea.test.cyclic.buffer.size=1048576 -javaagent:D:\dev\soft\idea2018.3\IntelliJ IDEA 2018.3.5\lib\idea_rt.jar=52446:D:\dev\soft\idea2018.3\IntelliJ IDEA 2018.3.5\bin -Dfile.encoding=UTF-8 
java_command: com.intellij.rt.execution.junit.JUnitStarter -ideVersion5 -junit4 com.shanjupay.transaction.testApp,test
java_class_path (initial): D:\dev\soft\idea2018.3\IntelliJ IDEA 2018.3.5\lib\idea_rt.jar;D:\dev\soft\idea2018.3\IntelliJ IDEA 2018.3.5\plugins\junit\lib\junit-rt.jar;D:\dev\soft\idea2018.3\IntelliJ IDEA 2018.3.5\plugins\junit\lib\junit5-rt.jar;D:\dev\soft\jdk1.8\jre\lib\charsets.jar;D:\dev\soft\jdk1.8\jre\lib\deploy.jar;D:\dev\soft\jdk1.8\jre\lib\ext\access-bridge-64.jar;D:\dev\soft\jdk1.8\jre\lib\ext\cldrdata.jar;D:\dev\soft\jdk1.8\jre\lib\ext\dnsns.jar;D:\dev\soft\jdk1.8\jre\lib\ext\jaccess.jar;D:\dev\soft\jdk1.8\jre\lib\ext\jfxrt.jar;D:\dev\soft\jdk1.8\jre\lib\ext\localedata.jar;D:\dev\soft\jdk1.8\jre\lib\ext\nashorn.jar;D:\dev\soft\jdk1.8\jre\lib\ext\sunec.jar;D:\dev\soft\jdk1.8\jre\lib\ext\sunjce_provider.jar;D:\dev\soft\jdk1.8\jre\lib\ext\sunmscapi.jar;D:\dev\soft\jdk1.8\jre\lib\ext\sunpkcs11.jar;D:\dev\soft\jdk1.8\jre\lib\ext\zipfs.jar;D:\dev\soft\jdk1.8\jre\lib\javaws.jar;D:\dev\soft\jdk1.8\jre\lib\jce.jar;D:\dev\soft\jdk1.8\jre\lib\jfr.jar;D:\dev\soft\jdk1.8\jre\lib\jfxswt.jar;D:\dev\soft\jdk1.8\jre\lib\jsse.jar;D:\dev\soft\jdk1.8\jre\lib\management-agent.jar;D:\dev\soft\jdk1.8\jre\lib\plugin.jar;D:\dev\soft\jdk1.8\jre\lib\resources.jar;D:\dev\soft\jdk1.8\jre\lib\rt.jar;C:\Users\wx\Desktop\shanjupay\shanjupay-transaction\shanjupay-transaction-service\target\test-classes;C:\Users\wx\Desktop\shanjupay\shanjupay-transaction\shanjupay-transaction-service\target\classes;C:\Users\wx\Desktop\shanjupay\shanjupay-transaction\shanjupay-transaction-api\target\classes;C:\Users\wx\Desktop\shanjupay\shanjupay-common\target\classes;D:\repositorys\repository\com\alibaba\fastjson\1.2.47\fastjson-1.2.47.jar;D:\repositorys\repository\commons-lang\commons-lang\2.6\commons-lang-2.6.jar;D:\repositorys\repository\io\springfox\springfox-swagger2\2.9.2\springfox-swagger2-2.9.2.jar;D:\repositorys\repository\io\swagger\swagger-annotations\1.5.20\swagger-annotations-1.5.20.jar;D:\repositorys\repository\io\swagger\swagger-models\1.5.20\swagger-models-1.5.20.jar;D:\repositorys\reposit
Launcher Type: SUN_STANDARD

Environment Variables:
JAVA_HOME=D:\dev\soft\jdk1.8
PATH=C:\Program Files (x86)\Common Files\NetSarang;C:\Program Files (x86)\Intel\iCLS Client\;C:\Program Files\Intel\iCLS Client\;C:\Windows\system32;C:\Windows;C:\Windows\System32\Wbem;C:\Windows\System32\WindowsPowerShell\v1.0\;C:\Program Files (x86)\NVIDIA Corporation\PhysX\Common;C:\Program Files (x86)\Intel\Intel(R) Management Engine Components\DAL;C:\Program Files\Intel\Intel(R) Management Engine Components\DAL;C:\Program Files (x86)\Intel\Intel(R) Management Engine Components\IPT;C:\Program Files\Intel\Intel(R) Management Engine Components\IPT;C:\WINDOWS\system32;C:\WINDOWS;C:\WINDOWS\System32\Wbem;C:\WINDOWS\System32\WindowsPowerShell\v1.0\;C:\WINDOWS\System32\OpenSSH\;D:\dev\soft\jdk1.8\bin;D:\dev\soft\apache-maven-3.3.9\bin;C:\Program Files\Git\cmd;D:\dev\soft\mysql5.7\mysql-5.7.32-winx64\bin;C:\Users\wx\AppData\Local\Microsoft\WindowsApps;
USERNAME=wx
OS=Windows_NT
PROCESSOR_IDENTIFIER=Intel64 Family 6 Model 158 Stepping 9, GenuineIntel



---------------  S Y S T E M  ---------------

OS: Windows 10.0 , 64 bit Build 18362 (10.0.18362.1110)

CPU:total 4 (initial active 4) (4 cores per cpu, 1 threads per core) family 6 model 158 stepping 9, cmov, cx8, fxsr, mmx, sse, sse2, sse3, ssse3, sse4.1, sse4.2, popcnt, avx, avx2, aes, clmul, erms, 3dnowpref, lzcnt, tsc, tscinvbit, bmi1, bmi2, adx

Memory: 4k page, physical 16649380k(3487128k free), swap 29756576k(4232k free)

vm_info: Java HotSpot(TM) 64-Bit Server VM (25.191-b12) for windows-amd64 JRE (1.8.0_191-b12), built on Oct  6 2018 09:29:03 by "java_re" with MS VC++ 10.0 (VS2010)

time: Sun Nov 15 11:21:35 2020
elapsed time: 2 seconds (0d 0h 0m 2s)

