[${project.name}][${env:SERVER_PORT}] 2020-11-22 14:06:02,302 ERROR [com.alibaba.nacos.naming.beat.sender][HttpClient.java:103] - [NA] failed to request 
java.net.SocketTimeoutException: Read timed out
	at java.net.SocketInputStream.socketRead0(Native Method)
	at java.net.SocketInputStream.socketRead(SocketInputStream.java:116)
	at java.net.SocketInputStream.read(SocketInputStream.java:171)
	at java.net.SocketInputStream.read(SocketInputStream.java:141)
	at java.io.BufferedInputStream.fill(BufferedInputStream.java:246)
	at java.io.BufferedInputStream.read1(BufferedInputStream.java:286)
	at java.io.BufferedInputStream.read(BufferedInputStream.java:345)
	at sun.net.www.http.HttpClient.parseHTTPHeader(HttpClient.java:735)
	at sun.net.www.http.HttpClient.parseHTTP(HttpClient.java:678)
	at sun.net.www.protocol.http.HttpURLConnection.getInputStream0(HttpURLConnection.java:1587)
	at sun.net.www.protocol.http.HttpURLConnection.getInputStream(HttpURLConnection.java:1492)
	at java.net.HttpURLConnection.getResponseCode(HttpURLConnection.java:480)
	at com.alibaba.nacos.client.naming.net.HttpClient.getResult(HttpClient.java:114)
	at com.alibaba.nacos.client.naming.net.HttpClient.request(HttpClient.java:91)
	at com.alibaba.nacos.client.naming.net.NamingProxy.callServer(NamingProxy.java:410)
	at com.alibaba.nacos.client.naming.net.NamingProxy.reqAPI(NamingProxy.java:451)
	at com.alibaba.nacos.client.naming.net.NamingProxy.reqAPI(NamingProxy.java:386)
	at com.alibaba.nacos.client.naming.net.NamingProxy.sendBeat(NamingProxy.java:309)
	at com.alibaba.nacos.client.naming.beat.BeatReactor$BeatTask.run(BeatReactor.java:92)
	at java.util.concurrent.Executors$RunnableAdapter.call(Executors.java:511)
	at java.util.concurrent.FutureTask.run$$$capture(FutureTask.java:266)
	at java.util.concurrent.FutureTask.run(FutureTask.java)
	at java.util.concurrent.ScheduledThreadPoolExecutor$ScheduledFutureTask.access$201(ScheduledThreadPoolExecutor.java:180)
	at java.util.concurrent.ScheduledThreadPoolExecutor$ScheduledFutureTask.run(ScheduledThreadPoolExecutor.java:293)
	at java.util.concurrent.ThreadPoolExecutor.runWorker(ThreadPoolExecutor.java:1149)
	at java.util.concurrent.ThreadPoolExecutor$Worker.run(ThreadPoolExecutor.java:624)
	at java.lang.Thread.run(Thread.java:748)
[${project.name}][${env:SERVER_PORT}] 2020-11-22 14:06:02,302 ERROR [com.alibaba.nacos.naming.beat.sender][HttpClient.java:103] - [NA] failed to request 
java.net.SocketTimeoutException: Read timed out
	at java.net.SocketInputStream.socketRead0(Native Method)
	at java.net.SocketInputStream.socketRead(SocketInputStream.java:116)
	at java.net.SocketInputStream.read(SocketInputStream.java:171)
	at java.net.SocketInputStream.read(SocketInputStream.java:141)
	at java.io.BufferedInputStream.fill(BufferedInputStream.java:246)
	at java.io.BufferedInputStream.read1(BufferedInputStream.java:286)
	at java.io.BufferedInputStream.read(BufferedInputStream.java:345)
	at sun.net.www.http.HttpClient.parseHTTPHeader(HttpClient.java:735)
	at sun.net.www.http.HttpClient.parseHTTP(HttpClient.java:678)
	at sun.net.www.protocol.http.HttpURLConnection.getInputStream0(HttpURLConnection.java:1587)
	at sun.net.www.protocol.http.HttpURLConnection.getInputStream(HttpURLConnection.java:1492)
	at java.net.HttpURLConnection.getResponseCode(HttpURLConnection.java:480)
	at com.alibaba.nacos.client.naming.net.HttpClient.getResult(HttpClient.java:114)
	at com.alibaba.nacos.client.naming.net.HttpClient.request(HttpClient.java:91)
	at com.alibaba.nacos.client.naming.net.NamingProxy.callServer(NamingProxy.java:410)
	at com.alibaba.nacos.client.naming.net.NamingProxy.reqAPI(NamingProxy.java:451)
	at com.alibaba.nacos.client.naming.net.NamingProxy.reqAPI(NamingProxy.java:386)
	at com.alibaba.nacos.client.naming.net.NamingProxy.sendBeat(NamingProxy.java:309)
	at com.alibaba.nacos.client.naming.beat.BeatReactor$BeatTask.run(BeatReactor.java:92)
	at java.util.concurrent.Executors$RunnableAdapter.call(Executors.java:511)
	at java.util.concurrent.FutureTask.run$$$capture(FutureTask.java:266)
	at java.util.concurrent.FutureTask.run(FutureTask.java)
	at java.util.concurrent.ScheduledThreadPoolExecutor$ScheduledFutureTask.access$201(ScheduledThreadPoolExecutor.java:180)
	at java.util.concurrent.ScheduledThreadPoolExecutor$ScheduledFutureTask.run(ScheduledThreadPoolExecutor.java:293)
	at java.util.concurrent.ThreadPoolExecutor.runWorker(ThreadPoolExecutor.java:1149)
	at java.util.concurrent.ThreadPoolExecutor$Worker.run(ThreadPoolExecutor.java:624)
	at java.lang.Thread.run(Thread.java:748)
[${project.name}][${env:SERVER_PORT}] 2020-11-22 14:06:04,608 ERROR [com.alibaba.nacos.client.naming.updater][HttpClient.java:103] - [NA] failed to request 
java.net.SocketTimeoutException: Read timed out
	at java.net.SocketInputStream.socketRead0(Native Method)
	at java.net.SocketInputStream.socketRead(SocketInputStream.java:116)
	at java.net.SocketInputStream.read(SocketInputStream.java:171)
	at java.net.SocketInputStream.read(SocketInputStream.java:141)
	at java.io.BufferedInputStream.fill(BufferedInputStream.java:246)
	at java.io.BufferedInputStream.read1(BufferedInputStream.java:286)
	at java.io.BufferedInputStream.read(BufferedInputStream.java:345)
	at sun.net.www.http.HttpClient.parseHTTPHeader(HttpClient.java:735)
	at sun.net.www.http.HttpClient.parseHTTP(HttpClient.java:678)
	at sun.net.www.protocol.http.HttpURLConnection.getInputStream0(HttpURLConnection.java:1587)
	at sun.net.www.protocol.http.HttpURLConnection.getInputStream(HttpURLConnection.java:1492)
	at java.net.HttpURLConnection.getResponseCode(HttpURLConnection.java:480)
	at com.alibaba.nacos.client.naming.net.HttpClient.getResult(HttpClient.java:114)
	at com.alibaba.nacos.client.naming.net.HttpClient.request(HttpClient.java:91)
	at com.alibaba.nacos.client.naming.net.NamingProxy.callServer(NamingProxy.java:410)
	at com.alibaba.nacos.client.naming.net.NamingProxy.reqAPI(NamingProxy.java:451)
	at com.alibaba.nacos.client.naming.net.NamingProxy.reqAPI(NamingProxy.java:386)
	at com.alibaba.nacos.client.naming.net.NamingProxy.queryList(NamingProxy.java:297)
	at com.alibaba.nacos.client.naming.core.HostReactor.refreshOnly(HostReactor.java:287)
	at com.alibaba.nacos.client.naming.core.HostReactor$UpdateTask.run(HostReactor.java:320)
	at java.util.concurrent.Executors$RunnableAdapter.call(Executors.java:511)
	at java.util.concurrent.FutureTask.run$$$capture(FutureTask.java:266)
	at java.util.concurrent.FutureTask.run(FutureTask.java)
	at java.util.concurrent.ScheduledThreadPoolExecutor$ScheduledFutureTask.access$201(ScheduledThreadPoolExecutor.java:180)
	at java.util.concurrent.ScheduledThreadPoolExecutor$ScheduledFutureTask.run(ScheduledThreadPoolExecutor.java:293)
	at java.util.concurrent.ThreadPoolExecutor.runWorker(ThreadPoolExecutor.java:1149)
	at java.util.concurrent.ThreadPoolExecutor$Worker.run(ThreadPoolExecutor.java:624)
	at java.lang.Thread.run(Thread.java:748)
[${project.name}][${env:SERVER_PORT}] 2020-11-22 14:06:02,915 ERROR [com.alibaba.nacos.naming.beat.sender][HttpClient.java:103] - [NA] failed to request 
java.net.SocketTimeoutException: Read timed out
	at java.net.SocketInputStream.socketRead0(Native Method)
	at java.net.SocketInputStream.socketRead(SocketInputStream.java:116)
	at java.net.SocketInputStream.read(SocketInputStream.java:171)
	at java.net.SocketInputStream.read(SocketInputStream.java:141)
	at java.io.BufferedInputStream.fill(BufferedInputStream.java:246)
	at java.io.BufferedInputStream.read1(BufferedInputStream.java:286)
	at java.io.BufferedInputStream.read(BufferedInputStream.java:345)
	at sun.net.www.http.HttpClient.parseHTTPHeader(HttpClient.java:735)
	at sun.net.www.http.HttpClient.parseHTTP(HttpClient.java:678)
	at sun.net.www.protocol.http.HttpURLConnection.getInputStream0(HttpURLConnection.java:1587)
	at sun.net.www.protocol.http.HttpURLConnection.getInputStream(HttpURLConnection.java:1492)
	at java.net.HttpURLConnection.getResponseCode(HttpURLConnection.java:480)
	at com.alibaba.nacos.client.naming.net.HttpClient.getResult(HttpClient.java:114)
	at com.alibaba.nacos.client.naming.net.HttpClient.request(HttpClient.java:91)
	at com.alibaba.nacos.client.naming.net.NamingProxy.callServer(NamingProxy.java:410)
	at com.alibaba.nacos.client.naming.net.NamingProxy.reqAPI(NamingProxy.java:451)
	at com.alibaba.nacos.client.naming.net.NamingProxy.reqAPI(NamingProxy.java:386)
	at com.alibaba.nacos.client.naming.net.NamingProxy.sendBeat(NamingProxy.java:309)
	at com.alibaba.nacos.client.naming.beat.BeatReactor$BeatTask.run(BeatReactor.java:92)
	at java.util.concurrent.Executors$RunnableAdapter.call(Executors.java:511)
	at java.util.concurrent.FutureTask.run$$$capture(FutureTask.java:266)
	at java.util.concurrent.FutureTask.run(FutureTask.java)
	at java.util.concurrent.ScheduledThreadPoolExecutor$ScheduledFutureTask.access$201(ScheduledThreadPoolExecutor.java:180)
	at java.util.concurrent.ScheduledThreadPoolExecutor$ScheduledFutureTask.run(ScheduledThreadPoolExecutor.java:293)
	at java.util.concurrent.ThreadPoolExecutor.runWorker(ThreadPoolExecutor.java:1149)
	at java.util.concurrent.ThreadPoolExecutor$Worker.run(ThreadPoolExecutor.java:624)
	at java.lang.Thread.run(Thread.java:748)
[${project.name}][${env:SERVER_PORT}] 2020-11-22 14:06:06,550 ERROR [com.alibaba.nacos.naming.beat.sender][NamingProxy.java:454] - request 127.0.0.1:8848 failed.
ErrCode:500, ErrMsg:failed to req API:127.0.0.1:8848/nacos/v1/ns/instance/beat. code:500 msg: java.net.SocketTimeoutException: Read timed out
	at com.alibaba.nacos.client.naming.net.NamingProxy.callServer(NamingProxy.java:424)
	at com.alibaba.nacos.client.naming.net.NamingProxy.reqAPI(NamingProxy.java:451)
	at com.alibaba.nacos.client.naming.net.NamingProxy.reqAPI(NamingProxy.java:386)
	at com.alibaba.nacos.client.naming.net.NamingProxy.sendBeat(NamingProxy.java:309)
	at com.alibaba.nacos.client.naming.beat.BeatReactor$BeatTask.run(BeatReactor.java:92)
	at java.util.concurrent.Executors$RunnableAdapter.call(Executors.java:511)
	at java.util.concurrent.FutureTask.run$$$capture(FutureTask.java:266)
	at java.util.concurrent.FutureTask.run(FutureTask.java)
	at java.util.concurrent.ScheduledThreadPoolExecutor$ScheduledFutureTask.access$201(ScheduledThreadPoolExecutor.java:180)
	at java.util.concurrent.ScheduledThreadPoolExecutor$ScheduledFutureTask.run(ScheduledThreadPoolExecutor.java:293)
	at java.util.concurrent.ThreadPoolExecutor.runWorker(ThreadPoolExecutor.java:1149)
	at java.util.concurrent.ThreadPoolExecutor$Worker.run(ThreadPoolExecutor.java:624)
	at java.lang.Thread.run(Thread.java:748)
[${project.name}][${env:SERVER_PORT}] 2020-11-22 14:06:06,550 ERROR [com.alibaba.nacos.client.naming.updater][NamingProxy.java:454] - request 127.0.0.1:8848 failed.
ErrCode:500, ErrMsg:failed to req API:127.0.0.1:8848/nacos/v1/ns/instance/list. code:500 msg: java.net.SocketTimeoutException: Read timed out
	at com.alibaba.nacos.client.naming.net.NamingProxy.callServer(NamingProxy.java:424)
	at com.alibaba.nacos.client.naming.net.NamingProxy.reqAPI(NamingProxy.java:451)
	at com.alibaba.nacos.client.naming.net.NamingProxy.reqAPI(NamingProxy.java:386)
	at com.alibaba.nacos.client.naming.net.NamingProxy.queryList(NamingProxy.java:297)
	at com.alibaba.nacos.client.naming.core.HostReactor.refreshOnly(HostReactor.java:287)
	at com.alibaba.nacos.client.naming.core.HostReactor$UpdateTask.run(HostReactor.java:320)
	at java.util.concurrent.Executors$RunnableAdapter.call(Executors.java:511)
	at java.util.concurrent.FutureTask.run$$$capture(FutureTask.java:266)
	at java.util.concurrent.FutureTask.run(FutureTask.java)
	at java.util.concurrent.ScheduledThreadPoolExecutor$ScheduledFutureTask.access$201(ScheduledThreadPoolExecutor.java:180)
	at java.util.concurrent.ScheduledThreadPoolExecutor$ScheduledFutureTask.run(ScheduledThreadPoolExecutor.java:293)
	at java.util.concurrent.ThreadPoolExecutor.runWorker(ThreadPoolExecutor.java:1149)
	at java.util.concurrent.ThreadPoolExecutor$Worker.run(ThreadPoolExecutor.java:624)
	at java.lang.Thread.run(Thread.java:748)
[${project.name}][${env:SERVER_PORT}] 2020-11-22 14:06:06,550 ERROR [com.alibaba.nacos.naming.beat.sender][NamingProxy.java:454] - request 127.0.0.1:8848 failed.
ErrCode:500, ErrMsg:failed to req API:127.0.0.1:8848/nacos/v1/ns/instance/beat. code:500 msg: java.net.SocketTimeoutException: Read timed out
	at com.alibaba.nacos.client.naming.net.NamingProxy.callServer(NamingProxy.java:424)
	at com.alibaba.nacos.client.naming.net.NamingProxy.reqAPI(NamingProxy.java:451)
	at com.alibaba.nacos.client.naming.net.NamingProxy.reqAPI(NamingProxy.java:386)
	at com.alibaba.nacos.client.naming.net.NamingProxy.sendBeat(NamingProxy.java:309)
	at com.alibaba.nacos.client.naming.beat.BeatReactor$BeatTask.run(BeatReactor.java:92)
	at java.util.concurrent.Executors$RunnableAdapter.call(Executors.java:511)
	at java.util.concurrent.FutureTask.run$$$capture(FutureTask.java:266)
	at java.util.concurrent.FutureTask.run(FutureTask.java)
	at java.util.concurrent.ScheduledThreadPoolExecutor$ScheduledFutureTask.access$201(ScheduledThreadPoolExecutor.java:180)
	at java.util.concurrent.ScheduledThreadPoolExecutor$ScheduledFutureTask.run(ScheduledThreadPoolExecutor.java:293)
	at java.util.concurrent.ThreadPoolExecutor.runWorker(ThreadPoolExecutor.java:1149)
	at java.util.concurrent.ThreadPoolExecutor$Worker.run(ThreadPoolExecutor.java:624)
	at java.lang.Thread.run(Thread.java:748)
[${project.name}][${env:SERVER_PORT}] 2020-11-22 14:06:06,550 ERROR [com.alibaba.nacos.naming.beat.sender][NamingProxy.java:454] - request 127.0.0.1:8848 failed.
ErrCode:500, ErrMsg:failed to req API:127.0.0.1:8848/nacos/v1/ns/instance/beat. code:500 msg: java.net.SocketTimeoutException: Read timed out
	at com.alibaba.nacos.client.naming.net.NamingProxy.callServer(NamingProxy.java:424)
	at com.alibaba.nacos.client.naming.net.NamingProxy.reqAPI(NamingProxy.java:451)
	at com.alibaba.nacos.client.naming.net.NamingProxy.reqAPI(NamingProxy.java:386)
	at com.alibaba.nacos.client.naming.net.NamingProxy.sendBeat(NamingProxy.java:309)
	at com.alibaba.nacos.client.naming.beat.BeatReactor$BeatTask.run(BeatReactor.java:92)
	at java.util.concurrent.Executors$RunnableAdapter.call(Executors.java:511)
	at java.util.concurrent.FutureTask.run$$$capture(FutureTask.java:266)
	at java.util.concurrent.FutureTask.run(FutureTask.java)
	at java.util.concurrent.ScheduledThreadPoolExecutor$ScheduledFutureTask.access$201(ScheduledThreadPoolExecutor.java:180)
	at java.util.concurrent.ScheduledThreadPoolExecutor$ScheduledFutureTask.run(ScheduledThreadPoolExecutor.java:293)
	at java.util.concurrent.ThreadPoolExecutor.runWorker(ThreadPoolExecutor.java:1149)
	at java.util.concurrent.ThreadPoolExecutor$Worker.run(ThreadPoolExecutor.java:624)
	at java.lang.Thread.run(Thread.java:748)
[${project.name}][${env:SERVER_PORT}] 2020-11-22 14:06:07,645 ERROR [com.alibaba.nacos.client.naming.updater][HttpClient.java:103] - [NA] failed to request 
java.net.SocketTimeoutException: Read timed out
	at java.net.SocketInputStream.socketRead0(Native Method)
	at java.net.SocketInputStream.socketRead(SocketInputStream.java:116)
	at java.net.SocketInputStream.read(SocketInputStream.java:171)
	at java.net.SocketInputStream.read(SocketInputStream.java:141)
	at java.io.BufferedInputStream.fill(BufferedInputStream.java:246)
	at java.io.BufferedInputStream.read1(BufferedInputStream.java:286)
	at java.io.BufferedInputStream.read(BufferedInputStream.java:345)
	at sun.net.www.http.HttpClient.parseHTTPHeader(HttpClient.java:735)
	at sun.net.www.http.HttpClient.parseHTTP(HttpClient.java:678)
	at sun.net.www.protocol.http.HttpURLConnection.getInputStream0(HttpURLConnection.java:1587)
	at sun.net.www.protocol.http.HttpURLConnection.getInputStream(HttpURLConnection.java:1492)
	at java.net.HttpURLConnection.getResponseCode(HttpURLConnection.java:480)
	at com.alibaba.nacos.client.naming.net.HttpClient.getResult(HttpClient.java:114)
	at com.alibaba.nacos.client.naming.net.HttpClient.request(HttpClient.java:91)
	at com.alibaba.nacos.client.naming.net.NamingProxy.callServer(NamingProxy.java:410)
	at com.alibaba.nacos.client.naming.net.NamingProxy.reqAPI(NamingProxy.java:451)
	at com.alibaba.nacos.client.naming.net.NamingProxy.reqAPI(NamingProxy.java:386)
	at com.alibaba.nacos.client.naming.net.NamingProxy.queryList(NamingProxy.java:297)
	at com.alibaba.nacos.client.naming.core.HostReactor.updateServiceNow(HostReactor.java:270)
	at com.alibaba.nacos.client.naming.core.HostReactor$UpdateTask.run(HostReactor.java:315)
	at java.util.concurrent.Executors$RunnableAdapter.call(Executors.java:511)
	at java.util.concurrent.FutureTask.run$$$capture(FutureTask.java:266)
	at java.util.concurrent.FutureTask.run(FutureTask.java)
	at java.util.concurrent.ScheduledThreadPoolExecutor$ScheduledFutureTask.access$201(ScheduledThreadPoolExecutor.java:180)
	at java.util.concurrent.ScheduledThreadPoolExecutor$ScheduledFutureTask.run(ScheduledThreadPoolExecutor.java:293)
	at java.util.concurrent.ThreadPoolExecutor.runWorker(ThreadPoolExecutor.java:1149)
	at java.util.concurrent.ThreadPoolExecutor$Worker.run(ThreadPoolExecutor.java:624)
	at java.lang.Thread.run(Thread.java:748)
[${project.name}][${env:SERVER_PORT}] 2020-11-22 14:06:07,645 ERROR [com.alibaba.nacos.client.naming.updater][HttpClient.java:103] - [NA] failed to request 
java.net.SocketTimeoutException: Read timed out
	at java.net.SocketInputStream.socketRead0(Native Method)
	at java.net.SocketInputStream.socketRead(SocketInputStream.java:116)
	at java.net.SocketInputStream.read(SocketInputStream.java:171)
	at java.net.SocketInputStream.read(SocketInputStream.java:141)
	at java.io.BufferedInputStream.fill(BufferedInputStream.java:246)
	at java.io.BufferedInputStream.read1(BufferedInputStream.java:286)
	at java.io.BufferedInputStream.read(BufferedInputStream.java:345)
	at sun.net.www.http.HttpClient.parseHTTPHeader(HttpClient.java:735)
	at sun.net.www.http.HttpClient.parseHTTP(HttpClient.java:678)
	at sun.net.www.protocol.http.HttpURLConnection.getInputStream0(HttpURLConnection.java:1587)
	at sun.net.www.protocol.http.HttpURLConnection.getInputStream(HttpURLConnection.java:1492)
	at java.net.HttpURLConnection.getResponseCode(HttpURLConnection.java:480)
	at com.alibaba.nacos.client.naming.net.HttpClient.getResult(HttpClient.java:114)
	at com.alibaba.nacos.client.naming.net.HttpClient.request(HttpClient.java:91)
	at com.alibaba.nacos.client.naming.net.NamingProxy.callServer(NamingProxy.java:410)
	at com.alibaba.nacos.client.naming.net.NamingProxy.reqAPI(NamingProxy.java:451)
	at com.alibaba.nacos.client.naming.net.NamingProxy.reqAPI(NamingProxy.java:386)
	at com.alibaba.nacos.client.naming.net.NamingProxy.queryList(NamingProxy.java:297)
	at com.alibaba.nacos.client.naming.core.HostReactor.updateServiceNow(HostReactor.java:270)
	at com.alibaba.nacos.client.naming.core.HostReactor$UpdateTask.run(HostReactor.java:315)
	at java.util.concurrent.Executors$RunnableAdapter.call(Executors.java:511)
	at java.util.concurrent.FutureTask.run$$$capture(FutureTask.java:266)
	at java.util.concurrent.FutureTask.run(FutureTask.java)
	at java.util.concurrent.ScheduledThreadPoolExecutor$ScheduledFutureTask.access$201(ScheduledThreadPoolExecutor.java:180)
	at java.util.concurrent.ScheduledThreadPoolExecutor$ScheduledFutureTask.run(ScheduledThreadPoolExecutor.java:293)
	at java.util.concurrent.ThreadPoolExecutor.runWorker(ThreadPoolExecutor.java:1149)
	at java.util.concurrent.ThreadPoolExecutor$Worker.run(ThreadPoolExecutor.java:624)
	at java.lang.Thread.run(Thread.java:748)
[${project.name}][${env:SERVER_PORT}] 2020-11-22 14:06:07,828 ERROR [com.alibaba.nacos.client.naming.updater][HttpClient.java:103] - [NA] failed to request 
java.net.SocketTimeoutException: Read timed out
	at java.net.SocketInputStream.socketRead0(Native Method)
	at java.net.SocketInputStream.socketRead(SocketInputStream.java:116)
	at java.net.SocketInputStream.read(SocketInputStream.java:171)
	at java.net.SocketInputStream.read(SocketInputStream.java:141)
	at java.io.BufferedInputStream.fill(BufferedInputStream.java:246)
	at java.io.BufferedInputStream.read1(BufferedInputStream.java:286)
	at java.io.BufferedInputStream.read(BufferedInputStream.java:345)
	at sun.net.www.http.HttpClient.parseHTTPHeader(HttpClient.java:735)
	at sun.net.www.http.HttpClient.parseHTTP(HttpClient.java:678)
	at sun.net.www.protocol.http.HttpURLConnection.getInputStream0(HttpURLConnection.java:1587)
	at sun.net.www.protocol.http.HttpURLConnection.getInputStream(HttpURLConnection.java:1492)
	at java.net.HttpURLConnection.getResponseCode(HttpURLConnection.java:480)
	at com.alibaba.nacos.client.naming.net.HttpClient.getResult(HttpClient.java:114)
	at com.alibaba.nacos.client.naming.net.HttpClient.request(HttpClient.java:91)
	at com.alibaba.nacos.client.naming.net.NamingProxy.callServer(NamingProxy.java:410)
	at com.alibaba.nacos.client.naming.net.NamingProxy.reqAPI(NamingProxy.java:451)
	at com.alibaba.nacos.client.naming.net.NamingProxy.reqAPI(NamingProxy.java:386)
	at com.alibaba.nacos.client.naming.net.NamingProxy.queryList(NamingProxy.java:297)
	at com.alibaba.nacos.client.naming.core.HostReactor.updateServiceNow(HostReactor.java:270)
	at com.alibaba.nacos.client.naming.core.HostReactor$UpdateTask.run(HostReactor.java:315)
	at java.util.concurrent.Executors$RunnableAdapter.call(Executors.java:511)
	at java.util.concurrent.FutureTask.run$$$capture(FutureTask.java:266)
	at java.util.concurrent.FutureTask.run(FutureTask.java)
	at java.util.concurrent.ScheduledThreadPoolExecutor$ScheduledFutureTask.access$201(ScheduledThreadPoolExecutor.java:180)
	at java.util.concurrent.ScheduledThreadPoolExecutor$ScheduledFutureTask.run(ScheduledThreadPoolExecutor.java:293)
	at java.util.concurrent.ThreadPoolExecutor.runWorker(ThreadPoolExecutor.java:1149)
	at java.util.concurrent.ThreadPoolExecutor$Worker.run(ThreadPoolExecutor.java:624)
	at java.lang.Thread.run(Thread.java:748)
[${project.name}][${env:SERVER_PORT}] 2020-11-22 14:06:07,828 ERROR [com.alibaba.nacos.client.naming.updater][NamingProxy.java:454] - request 127.0.0.1:8848 failed.
ErrCode:500, ErrMsg:failed to req API:127.0.0.1:8848/nacos/v1/ns/instance/list. code:500 msg: java.net.SocketTimeoutException: Read timed out
	at com.alibaba.nacos.client.naming.net.NamingProxy.callServer(NamingProxy.java:424)
	at com.alibaba.nacos.client.naming.net.NamingProxy.reqAPI(NamingProxy.java:451)
	at com.alibaba.nacos.client.naming.net.NamingProxy.reqAPI(NamingProxy.java:386)
	at com.alibaba.nacos.client.naming.net.NamingProxy.queryList(NamingProxy.java:297)
	at com.alibaba.nacos.client.naming.core.HostReactor.updateServiceNow(HostReactor.java:270)
	at com.alibaba.nacos.client.naming.core.HostReactor$UpdateTask.run(HostReactor.java:315)
	at java.util.concurrent.Executors$RunnableAdapter.call(Executors.java:511)
	at java.util.concurrent.FutureTask.run$$$capture(FutureTask.java:266)
	at java.util.concurrent.FutureTask.run(FutureTask.java)
	at java.util.concurrent.ScheduledThreadPoolExecutor$ScheduledFutureTask.access$201(ScheduledThreadPoolExecutor.java:180)
	at java.util.concurrent.ScheduledThreadPoolExecutor$ScheduledFutureTask.run(ScheduledThreadPoolExecutor.java:293)
	at java.util.concurrent.ThreadPoolExecutor.runWorker(ThreadPoolExecutor.java:1149)
	at java.util.concurrent.ThreadPoolExecutor$Worker.run(ThreadPoolExecutor.java:624)
	at java.lang.Thread.run(Thread.java:748)
[${project.name}][${env:SERVER_PORT}] 2020-11-22 14:06:07,828 ERROR [com.alibaba.nacos.client.naming.updater][NamingProxy.java:454] - request 127.0.0.1:8848 failed.
ErrCode:500, ErrMsg:failed to req API:127.0.0.1:8848/nacos/v1/ns/instance/list. code:500 msg: java.net.SocketTimeoutException: Read timed out
	at com.alibaba.nacos.client.naming.net.NamingProxy.callServer(NamingProxy.java:424)
	at com.alibaba.nacos.client.naming.net.NamingProxy.reqAPI(NamingProxy.java:451)
	at com.alibaba.nacos.client.naming.net.NamingProxy.reqAPI(NamingProxy.java:386)
	at com.alibaba.nacos.client.naming.net.NamingProxy.queryList(NamingProxy.java:297)
	at com.alibaba.nacos.client.naming.core.HostReactor.updateServiceNow(HostReactor.java:270)
	at com.alibaba.nacos.client.naming.core.HostReactor$UpdateTask.run(HostReactor.java:315)
	at java.util.concurrent.Executors$RunnableAdapter.call(Executors.java:511)
	at java.util.concurrent.FutureTask.run$$$capture(FutureTask.java:266)
	at java.util.concurrent.FutureTask.run(FutureTask.java)
	at java.util.concurrent.ScheduledThreadPoolExecutor$ScheduledFutureTask.access$201(ScheduledThreadPoolExecutor.java:180)
	at java.util.concurrent.ScheduledThreadPoolExecutor$ScheduledFutureTask.run(ScheduledThreadPoolExecutor.java:293)
	at java.util.concurrent.ThreadPoolExecutor.runWorker(ThreadPoolExecutor.java:1149)
	at java.util.concurrent.ThreadPoolExecutor$Worker.run(ThreadPoolExecutor.java:624)
	at java.lang.Thread.run(Thread.java:748)
[${project.name}][${env:SERVER_PORT}] 2020-11-22 14:06:07,829 ERROR [com.alibaba.nacos.client.naming.updater][NamingProxy.java:454] - request 127.0.0.1:8848 failed.
ErrCode:500, ErrMsg:failed to req API:127.0.0.1:8848/nacos/v1/ns/instance/list. code:500 msg: java.net.SocketTimeoutException: Read timed out
	at com.alibaba.nacos.client.naming.net.NamingProxy.callServer(NamingProxy.java:424)
	at com.alibaba.nacos.client.naming.net.NamingProxy.reqAPI(NamingProxy.java:451)
	at com.alibaba.nacos.client.naming.net.NamingProxy.reqAPI(NamingProxy.java:386)
	at com.alibaba.nacos.client.naming.net.NamingProxy.queryList(NamingProxy.java:297)
	at com.alibaba.nacos.client.naming.core.HostReactor.updateServiceNow(HostReactor.java:270)
	at com.alibaba.nacos.client.naming.core.HostReactor$UpdateTask.run(HostReactor.java:315)
	at java.util.concurrent.Executors$RunnableAdapter.call(Executors.java:511)
	at java.util.concurrent.FutureTask.run$$$capture(FutureTask.java:266)
	at java.util.concurrent.FutureTask.run(FutureTask.java)
	at java.util.concurrent.ScheduledThreadPoolExecutor$ScheduledFutureTask.access$201(ScheduledThreadPoolExecutor.java:180)
	at java.util.concurrent.ScheduledThreadPoolExecutor$ScheduledFutureTask.run(ScheduledThreadPoolExecutor.java:293)
	at java.util.concurrent.ThreadPoolExecutor.runWorker(ThreadPoolExecutor.java:1149)
	at java.util.concurrent.ThreadPoolExecutor$Worker.run(ThreadPoolExecutor.java:624)
	at java.lang.Thread.run(Thread.java:748)
[${project.name}][${env:SERVER_PORT}] 2020-11-22 14:06:08,166 ERROR [com.alibaba.nacos.naming.beat.sender][NamingProxy.java:316] - [CLIENT-BEAT] failed to send beat: {"ip":"192.168.220.1","metadata":{"side":"consumer","lazy":"false","methods":"queryApplyMerchant,createApp,queryAppInMercahnt,getAppById","release":"2.7.3","qos.port":"22310","dubbo":"2.0.2","pid":"20336","check":"false","interface":"com.shanjupay.merchant.api.AppService","qos.enable":"false","timeout":"3000","retries":"-1","path":"com.shanjupay.merchant.api.AppService","protocol":"consumer","application":"merchant-application","sticky":"false","category":"consumers","timestamp":"1605922933201"},"period":5000,"port":0,"scheduled":false,"serviceName":"DEFAULT_GROUP@@consumers:com.shanjupay.merchant.api.AppService::","stopped":false,"weight":1.0}
java.lang.IllegalStateException: failed to req API:/nacos/v1/ns/instance/beat after all servers([127.0.0.1:8848]) tried: failed to req API:127.0.0.1:8848/nacos/v1/ns/instance/beat. code:500 msg: java.net.SocketTimeoutException: Read timed out
	at com.alibaba.nacos.client.naming.net.NamingProxy.reqAPI(NamingProxy.java:464)
	at com.alibaba.nacos.client.naming.net.NamingProxy.reqAPI(NamingProxy.java:386)
	at com.alibaba.nacos.client.naming.net.NamingProxy.sendBeat(NamingProxy.java:309)
	at com.alibaba.nacos.client.naming.beat.BeatReactor$BeatTask.run(BeatReactor.java:92)
	at java.util.concurrent.Executors$RunnableAdapter.call(Executors.java:511)
	at java.util.concurrent.FutureTask.run$$$capture(FutureTask.java:266)
	at java.util.concurrent.FutureTask.run(FutureTask.java)
	at java.util.concurrent.ScheduledThreadPoolExecutor$ScheduledFutureTask.access$201(ScheduledThreadPoolExecutor.java:180)
	at java.util.concurrent.ScheduledThreadPoolExecutor$ScheduledFutureTask.run(ScheduledThreadPoolExecutor.java:293)
	at java.util.concurrent.ThreadPoolExecutor.runWorker(ThreadPoolExecutor.java:1149)
	at java.util.concurrent.ThreadPoolExecutor$Worker.run(ThreadPoolExecutor.java:624)
	at java.lang.Thread.run(Thread.java:748)
[${project.name}][${env:SERVER_PORT}] 2020-11-22 14:06:08,166 ERROR [com.alibaba.nacos.naming.beat.sender][NamingProxy.java:316] - [CLIENT-BEAT] failed to send beat: {"ip":"192.168.220.1","metadata":{"side":"consumer","lazy":"false","release":"2.7.3","qos.port":"22310","dubbo":"2.0.2","pid":"20336","check":"false","interface":"com.alibaba.cloud.dubbo.service.DubboMetadataService","version":"1.0.0","generic":"true","qos.enable":"false","timeout":"3000","retries":"-1","path":"org.apache.dubbo.rpc.service.GenericService","protocol":"consumer","application":"merchant-application","sticky":"false","category":"consumers","group":"user-service","timestamp":"1605922933428"},"period":5000,"port":0,"scheduled":false,"serviceName":"DEFAULT_GROUP@@consumers:com.alibaba.cloud.dubbo.service.DubboMetadataService:1.0.0:user-service","stopped":false,"weight":1.0}
java.lang.IllegalStateException: failed to req API:/nacos/v1/ns/instance/beat after all servers([127.0.0.1:8848]) tried: failed to req API:127.0.0.1:8848/nacos/v1/ns/instance/beat. code:500 msg: java.net.SocketTimeoutException: Read timed out
	at com.alibaba.nacos.client.naming.net.NamingProxy.reqAPI(NamingProxy.java:464)
	at com.alibaba.nacos.client.naming.net.NamingProxy.reqAPI(NamingProxy.java:386)
	at com.alibaba.nacos.client.naming.net.NamingProxy.sendBeat(NamingProxy.java:309)
	at com.alibaba.nacos.client.naming.beat.BeatReactor$BeatTask.run(BeatReactor.java:92)
	at java.util.concurrent.Executors$RunnableAdapter.call(Executors.java:511)
	at java.util.concurrent.FutureTask.run$$$capture(FutureTask.java:266)
	at java.util.concurrent.FutureTask.run(FutureTask.java)
	at java.util.concurrent.ScheduledThreadPoolExecutor$ScheduledFutureTask.access$201(ScheduledThreadPoolExecutor.java:180)
	at java.util.concurrent.ScheduledThreadPoolExecutor$ScheduledFutureTask.run(ScheduledThreadPoolExecutor.java:293)
	at java.util.concurrent.ThreadPoolExecutor.runWorker(ThreadPoolExecutor.java:1149)
	at java.util.concurrent.ThreadPoolExecutor$Worker.run(ThreadPoolExecutor.java:624)
	at java.lang.Thread.run(Thread.java:748)
[${project.name}][${env:SERVER_PORT}] 2020-11-22 14:06:08,166 ERROR [com.alibaba.nacos.naming.beat.sender][NamingProxy.java:316] - [CLIENT-BEAT] failed to send beat: {"cluster":"DEFAULT","ip":"192.168.220.1","metadata":{"dubbo.metadata-service.urls":"[ \"dubbo://192.168.220.1:20891/com.alibaba.cloud.dubbo.service.DubboMetadataService?anyhost=true&application=merchant-application&bind.ip=192.168.220.1&bind.port=20891&deprecated=false&dubbo=2.0.2&dynamic=true&generic=false&group=merchant-application&interface=com.alibaba.cloud.dubbo.service.DubboMetadataService&methods=getAllServiceKeys,getServiceRestMetadata,getExportedURLs,getAllExportedURLs&pid=20336&qos.enable=false&qos.port=22310&register=true&release=2.7.3&revision=2.1.0.RELEASE&side=provider&timestamp=1605922937899&version=1.0.0\" ]","preserved.register.source":"SPRING_CLOUD"},"period":5000,"port":57010,"scheduled":false,"serviceName":"DEFAULT_GROUP@@merchant-application","stopped":false,"weight":1.0}
java.lang.IllegalStateException: failed to req API:/nacos/v1/ns/instance/beat after all servers([127.0.0.1:8848]) tried: failed to req API:127.0.0.1:8848/nacos/v1/ns/instance/beat. code:500 msg: java.net.SocketTimeoutException: Read timed out
	at com.alibaba.nacos.client.naming.net.NamingProxy.reqAPI(NamingProxy.java:464)
	at com.alibaba.nacos.client.naming.net.NamingProxy.reqAPI(NamingProxy.java:386)
	at com.alibaba.nacos.client.naming.net.NamingProxy.sendBeat(NamingProxy.java:309)
	at com.alibaba.nacos.client.naming.beat.BeatReactor$BeatTask.run(BeatReactor.java:92)
	at java.util.concurrent.Executors$RunnableAdapter.call(Executors.java:511)
	at java.util.concurrent.FutureTask.run$$$capture(FutureTask.java:266)
	at java.util.concurrent.FutureTask.run(FutureTask.java)
	at java.util.concurrent.ScheduledThreadPoolExecutor$ScheduledFutureTask.access$201(ScheduledThreadPoolExecutor.java:180)
	at java.util.concurrent.ScheduledThreadPoolExecutor$ScheduledFutureTask.run(ScheduledThreadPoolExecutor.java:293)
	at java.util.concurrent.ThreadPoolExecutor.runWorker(ThreadPoolExecutor.java:1149)
	at java.util.concurrent.ThreadPoolExecutor$Worker.run(ThreadPoolExecutor.java:624)
	at java.lang.Thread.run(Thread.java:748)
[${project.name}][${env:SERVER_PORT}] 2020-11-22 14:06:08,240 ERROR [com.alibaba.nacos.client.naming.updater][HostReactor.java:275] - [NA] failed to update serviceName: DEFAULT_GROUP@@providers:com.shanjupay.transaction.api.PayChannelService::
java.lang.IllegalStateException: failed to req API:/nacos/v1/ns/instance/list after all servers([127.0.0.1:8848]) tried: failed to req API:127.0.0.1:8848/nacos/v1/ns/instance/list. code:500 msg: java.net.SocketTimeoutException: Read timed out
	at com.alibaba.nacos.client.naming.net.NamingProxy.reqAPI(NamingProxy.java:464)
	at com.alibaba.nacos.client.naming.net.NamingProxy.reqAPI(NamingProxy.java:386)
	at com.alibaba.nacos.client.naming.net.NamingProxy.queryList(NamingProxy.java:297)
	at com.alibaba.nacos.client.naming.core.HostReactor.updateServiceNow(HostReactor.java:270)
	at com.alibaba.nacos.client.naming.core.HostReactor$UpdateTask.run(HostReactor.java:315)
	at java.util.concurrent.Executors$RunnableAdapter.call(Executors.java:511)
	at java.util.concurrent.FutureTask.run$$$capture(FutureTask.java:266)
	at java.util.concurrent.FutureTask.run(FutureTask.java)
	at java.util.concurrent.ScheduledThreadPoolExecutor$ScheduledFutureTask.access$201(ScheduledThreadPoolExecutor.java:180)
	at java.util.concurrent.ScheduledThreadPoolExecutor$ScheduledFutureTask.run(ScheduledThreadPoolExecutor.java:293)
	at java.util.concurrent.ThreadPoolExecutor.runWorker(ThreadPoolExecutor.java:1149)
	at java.util.concurrent.ThreadPoolExecutor$Worker.run(ThreadPoolExecutor.java:624)
	at java.lang.Thread.run(Thread.java:748)
[${project.name}][${env:SERVER_PORT}] 2020-11-22 14:06:08,240 ERROR [com.alibaba.nacos.client.naming.updater][HostReactor.java:275] - [NA] failed to update serviceName: DEFAULT_GROUP@@uaa-service
java.lang.IllegalStateException: failed to req API:/nacos/v1/ns/instance/list after all servers([127.0.0.1:8848]) tried: failed to req API:127.0.0.1:8848/nacos/v1/ns/instance/list. code:500 msg: java.net.SocketTimeoutException: Read timed out
	at com.alibaba.nacos.client.naming.net.NamingProxy.reqAPI(NamingProxy.java:464)
	at com.alibaba.nacos.client.naming.net.NamingProxy.reqAPI(NamingProxy.java:386)
	at com.alibaba.nacos.client.naming.net.NamingProxy.queryList(NamingProxy.java:297)
	at com.alibaba.nacos.client.naming.core.HostReactor.updateServiceNow(HostReactor.java:270)
	at com.alibaba.nacos.client.naming.core.HostReactor$UpdateTask.run(HostReactor.java:315)
	at java.util.concurrent.Executors$RunnableAdapter.call(Executors.java:511)
	at java.util.concurrent.FutureTask.run$$$capture(FutureTask.java:266)
	at java.util.concurrent.FutureTask.run(FutureTask.java)
	at java.util.concurrent.ScheduledThreadPoolExecutor$ScheduledFutureTask.access$201(ScheduledThreadPoolExecutor.java:180)
	at java.util.concurrent.ScheduledThreadPoolExecutor$ScheduledFutureTask.run(ScheduledThreadPoolExecutor.java:293)
	at java.util.concurrent.ThreadPoolExecutor.runWorker(ThreadPoolExecutor.java:1149)
	at java.util.concurrent.ThreadPoolExecutor$Worker.run(ThreadPoolExecutor.java:624)
	at java.lang.Thread.run(Thread.java:748)
[${project.name}][${env:SERVER_PORT}] 2020-11-22 14:06:08,240 ERROR [com.alibaba.nacos.client.naming.updater][HostReactor.java:289] - [NA] failed to update serviceName: DEFAULT_GROUP@@providers:com.alibaba.cloud.dubbo.service.DubboMetadataService:1.0.0:merchant-application
java.lang.IllegalStateException: failed to req API:/nacos/v1/ns/instance/list after all servers([127.0.0.1:8848]) tried: failed to req API:127.0.0.1:8848/nacos/v1/ns/instance/list. code:500 msg: java.net.SocketTimeoutException: Read timed out
	at com.alibaba.nacos.client.naming.net.NamingProxy.reqAPI(NamingProxy.java:464)
	at com.alibaba.nacos.client.naming.net.NamingProxy.reqAPI(NamingProxy.java:386)
	at com.alibaba.nacos.client.naming.net.NamingProxy.queryList(NamingProxy.java:297)
	at com.alibaba.nacos.client.naming.core.HostReactor.refreshOnly(HostReactor.java:287)
	at com.alibaba.nacos.client.naming.core.HostReactor$UpdateTask.run(HostReactor.java:320)
	at java.util.concurrent.Executors$RunnableAdapter.call(Executors.java:511)
	at java.util.concurrent.FutureTask.run$$$capture(FutureTask.java:266)
	at java.util.concurrent.FutureTask.run(FutureTask.java)
	at java.util.concurrent.ScheduledThreadPoolExecutor$ScheduledFutureTask.access$201(ScheduledThreadPoolExecutor.java:180)
	at java.util.concurrent.ScheduledThreadPoolExecutor$ScheduledFutureTask.run(ScheduledThreadPoolExecutor.java:293)
	at java.util.concurrent.ThreadPoolExecutor.runWorker(ThreadPoolExecutor.java:1149)
	at java.util.concurrent.ThreadPoolExecutor$Worker.run(ThreadPoolExecutor.java:624)
	at java.lang.Thread.run(Thread.java:748)
[${project.name}][${env:SERVER_PORT}] 2020-11-22 14:06:08,241 ERROR [com.alibaba.nacos.client.naming.updater][HostReactor.java:275] - [NA] failed to update serviceName: DEFAULT_GROUP@@gateway-service
java.lang.IllegalStateException: failed to req API:/nacos/v1/ns/instance/list after all servers([127.0.0.1:8848]) tried: failed to req API:127.0.0.1:8848/nacos/v1/ns/instance/list. code:500 msg: java.net.SocketTimeoutException: Read timed out
	at com.alibaba.nacos.client.naming.net.NamingProxy.reqAPI(NamingProxy.java:464)
	at com.alibaba.nacos.client.naming.net.NamingProxy.reqAPI(NamingProxy.java:386)
	at com.alibaba.nacos.client.naming.net.NamingProxy.queryList(NamingProxy.java:297)
	at com.alibaba.nacos.client.naming.core.HostReactor.updateServiceNow(HostReactor.java:270)
	at com.alibaba.nacos.client.naming.core.HostReactor$UpdateTask.run(HostReactor.java:315)
	at java.util.concurrent.Executors$RunnableAdapter.call(Executors.java:511)
	at java.util.concurrent.FutureTask.run$$$capture(FutureTask.java:266)
	at java.util.concurrent.FutureTask.run(FutureTask.java)
	at java.util.concurrent.ScheduledThreadPoolExecutor$ScheduledFutureTask.access$201(ScheduledThreadPoolExecutor.java:180)
	at java.util.concurrent.ScheduledThreadPoolExecutor$ScheduledFutureTask.run(ScheduledThreadPoolExecutor.java:293)
	at java.util.concurrent.ThreadPoolExecutor.runWorker(ThreadPoolExecutor.java:1149)
	at java.util.concurrent.ThreadPoolExecutor$Worker.run(ThreadPoolExecutor.java:624)
	at java.lang.Thread.run(Thread.java:748)
